<?xml version="1.0" encoding="UTF-8"?>
<!-- Generated by org.testng.reporters.JUnitReportReporter -->
<testsuite hostname="DESKTOP-COQDUFK" failures="1" tests="1" name="com.ip.jacksontest.JacksonTest" time="0.472" errors="0" timestamp="2020-04-14T13:14:01 GMT-07:00" skipped="0">
  <testcase classname="com.ip.jacksontest.JacksonTest" name="convertJavaToJsonPassingNullValues" time="0.472">
    <failure message="expected [{
  &quot;firstname&quot; : null,
  &quot;lastname&quot; : null,
  &quot;address&quot; : null,
  &quot;city&quot; : null,
  &quot;state&quot; : null,
  &quot;dateOfBirth&quot; : null
}] but found [{
  &quot;firstname&quot; : Abu,
  &quot;lastname&quot; : null,
  &quot;address&quot; : null,
  &quot;city&quot; : null,
  &quot;state&quot; : null,
  &quot;dateOfBirth&quot; : null
}]" type="java.lang.AssertionError">
      <![CDATA[java.lang.AssertionError: expected [{
  "firstname" : null,
  "lastname" : null,
  "address" : null,
  "city" : null,
  "state" : null,
  "dateOfBirth" : null
}] but found [{
  "firstname" : Abu,
  "lastname" : null,
  "address" : null,
  "city" : null,
  "state" : null,
  "dateOfBirth" : null
}]
at org.testng.Assert.fail(Assert.java:97)
at org.testng.Assert.assertEqualsImpl(Assert.java:136)
at org.testng.Assert.assertEquals(Assert.java:118)
at org.testng.Assert.assertEquals(Assert.java:575)
at org.testng.Assert.assertEquals(Assert.java:585)
at com.ip.jacksontest.JacksonTest.convertJavaToJsonPassingNullValues(JacksonTest.java:47)
at java.base/jdk.internal.reflect.NativeMethodAccessorImpl.invoke0(Native Method)
at java.base/jdk.internal.reflect.NativeMethodAccessorImpl.invoke(NativeMethodAccessorImpl.java:62)
at java.base/jdk.internal.reflect.DelegatingMethodAccessorImpl.invoke(DelegatingMethodAccessorImpl.java:43)
at java.base/java.lang.reflect.Method.invoke(Method.java:567)
at org.testng.internal.MethodInvocationHelper.invokeMethod(MethodInvocationHelper.java:133)
at org.testng.internal.TestInvoker.invokeMethod(TestInvoker.java:584)
at org.testng.internal.TestInvoker.invokeTestMethod(TestInvoker.java:172)
at org.testng.internal.MethodRunner.runInSequence(MethodRunner.java:46)
at org.testng.internal.TestInvoker$MethodInvocationAgent.invoke(TestInvoker.java:804)
at org.testng.internal.TestInvoker.invokeTestMethods(TestInvoker.java:145)
at org.testng.internal.TestMethodWorker.invokeTestMethods(TestMethodWorker.java:146)
at org.testng.internal.TestMethodWorker.run(TestMethodWorker.java:128)
at java.base/java.util.ArrayList.forEach(ArrayList.java:1507)
at org.testng.TestRunner.privateRun(TestRunner.java:770)
at org.testng.TestRunner.run(TestRunner.java:591)
at org.testng.SuiteRunner.runTest(SuiteRunner.java:402)
at org.testng.SuiteRunner.runSequentially(SuiteRunner.java:396)
at org.testng.SuiteRunner.privateRun(SuiteRunner.java:355)
at org.testng.SuiteRunner.run(SuiteRunner.java:304)
at org.testng.SuiteRunnerWorker.runSuite(SuiteRunnerWorker.java:53)
at org.testng.SuiteRunnerWorker.run(SuiteRunnerWorker.java:96)
at org.testng.TestNG.runSuitesSequentially(TestNG.java:1180)
at org.testng.TestNG.runSuitesLocally(TestNG.java:1102)
at org.testng.TestNG.runSuites(TestNG.java:1032)
at org.testng.TestNG.run(TestNG.java:1000)
at org.testng.remote.AbstractRemoteTestNG.run(AbstractRemoteTestNG.java:115)
at org.testng.remote.RemoteTestNG.initAndRun(RemoteTestNG.java:251)
at org.testng.remote.RemoteTestNG.main(RemoteTestNG.java:77)
]]>
    </failure>
  </testcase> <!-- convertJavaToJsonPassingNullValues -->
</testsuite> <!-- com.ip.jacksontest.JacksonTest -->
